var a;
undefined
a=100;
100
typeof a;
'number'
typeof(a);
'number'
typeof(((a)));
'number'
a= "Hello";
'Hello'
typeof a;
'string'
 a= true;
true
typeof a;
'boolean'
a=1;
1
typeof a;
'number'
a=10000000000;
10000000000
typeof a;
'number'
a=100.20;
100.2
typeof a;
'number'
a="Amit";
'Amit'
typeof a;
'string'
a='Amit';
'Amit'
a='A';
'A'
typeof a;
'string'
Number.MAX_SAFE_INTEGER;
9007199254740991
var q=9007199254740991n;
undefined
typeof q;
'bigint'
q = q + 658347657836875n;
9665546912577866n
typeof q;
'bigint'
q = q + 6876687;
VM797:1 Uncaught TypeError: Cannot mix BigInt and other types, use explicit conversions
    at <anonymous>:1:7
(anonymous) @ VM797:1
a='A';
'A'
typeof a;
'string'
a=`vbgdfjkgjkfdh
hgjkdhdfkj
ghjds
hgkjd`;
'vbgdfjkgjkfdh\nhgjkdhdfkj\nghjds\nhgkjd'
a;
'vbgdfjkgjkfdh\nhgjkdhdfkj\nghjds\nhgkjd'
console.log(a);
VM1002:1 vbgdfjkgjkfdh
hgjkdhdfkj
ghjds
hgkjd
undefined
a=10;
10
b= 20;
20
typeof a;
'number'
typeof b;
'number'
console.log('A is '+a+' B is '+b);
VM1229:1 A is 10 B is 20
undefined
var amit = {id:1001, name:'Amit', address:'Delhi'}
undefined
typeof amit;
'object'
console.log('Amit Details is '+amit);
VM1563:1 Amit Details is [object Object]
undefined
console.log('Amit Details is ', amit);
VM1761:1 Amit Details is  {id: 1001, name: 'Amit', address: 'Delhi'}
undefined
console.log('Amit Details is '+ amit.id);
VM1812:1 Amit Details is 1001
undefined
console.log('Amit Details is ', amit);
VM1818:1 Amit Details is  {id: 1001, name: 'Amit', address: 'Delhi'}
undefined
Number.MAX_SAFE_INTEGER;
9007199254740991
